<?xml version="1.0" encoding="UTF-8"?>
<!-- Generated by org.testng.reporters.JUnitXMLReporter -->
<testsuite ignored="0" hostname="LAPTOP-2EUUN60H" failures="0" tests="4" name="Default test" time="11.054" errors="0" timestamp="2024-11-16T11:46:21 IST">
  <testcase classname="basic.testcases.CreateRepoTest" name="createRepoTestCase" time="5.021"/>
  <testcase classname="basic.testcases.CreateRepoTest" name="createRepositoryTestCase" time="2.648"/>
  <testcase classname="basic.testcases.CreateRepoTest" name="deletRepo" time="1.368"/>
  <testcase classname="basic.testcases.CreateRepoTest" name="deletRepoPOJO" time="1.941"/>
</testsuite> <!-- Default test -->
