<?xml version="1.0" encoding="UTF-8"?>
<testng-results ignored="0" total="2" passed="2" failed="0" skipped="0">
  <reporter-output>
  </reporter-output>
  <suite started-at="2024-11-15T22:07:06 IST" name="Default suite" finished-at="2024-11-15T22:07:13 IST" duration-ms="7514">
    <groups>
    </groups>
    <test started-at="2024-11-15T22:07:06 IST" name="Default test" finished-at="2024-11-15T22:07:13 IST" duration-ms="7514">
      <class name="basic.testcases.CreateRepoTest">
        <test-method signature="createRepoTestCase()[pri:0, instance:basic.testcases.CreateRepoTest@548d708a]" started-at="2024-11-15T22:07:06 IST" name="createRepoTestCase" finished-at="2024-11-15T22:07:11 IST" duration-ms="4898" status="PASS">
          <reporter-output>
          </reporter-output>
        </test-method> <!-- createRepoTestCase -->
        <test-method signature="createRepositoryTestCase()[pri:0, instance:basic.testcases.CreateRepoTest@548d708a]" started-at="2024-11-15T22:07:11 IST" name="createRepositoryTestCase" finished-at="2024-11-15T22:07:13 IST" duration-ms="2548" status="PASS">
          <reporter-output>
          </reporter-output>
        </test-method> <!-- createRepositoryTestCase -->
      </class> <!-- basic.testcases.CreateRepoTest -->
    </test> <!-- Default test -->
  </suite> <!-- Default suite -->
</testng-results>
