<?xml version="1.0" encoding="UTF-8"?>
<testng-results ignored="0" total="4" passed="4" failed="0" skipped="0">
  <reporter-output>
  </reporter-output>
  <suite started-at="2024-11-16T12:38:01 IST" name="Default suite" finished-at="2024-11-16T12:38:11 IST" duration-ms="9748">
    <groups>
    </groups>
    <test started-at="2024-11-16T12:38:01 IST" name="Default test" finished-at="2024-11-16T12:38:11 IST" duration-ms="9748">
      <class name="basic.testcases.CreateRepoTest">
        <test-method signature="createRepoTestCase()[pri:0, instance:basic.testcases.CreateRepoTest@53fb3dab]" started-at="2024-11-16T12:38:01 IST" name="createRepoTestCase" finished-at="2024-11-16T12:38:07 IST" duration-ms="6103" status="PASS">
          <reporter-output>
          </reporter-output>
        </test-method> <!-- createRepoTestCase -->
        <test-method signature="createRepositoryTestCase()[pri:0, instance:basic.testcases.CreateRepoTest@53fb3dab]" started-at="2024-11-16T12:38:07 IST" name="createRepositoryTestCase" finished-at="2024-11-16T12:38:09 IST" duration-ms="1395" status="PASS">
          <reporter-output>
          </reporter-output>
        </test-method> <!-- createRepositoryTestCase -->
        <test-method signature="deletRepo()[pri:0, instance:basic.testcases.CreateRepoTest@53fb3dab]" started-at="2024-11-16T12:38:09 IST" name="deletRepo" finished-at="2024-11-16T12:38:10 IST" duration-ms="1358" status="PASS">
          <reporter-output>
          </reporter-output>
        </test-method> <!-- deletRepo -->
        <test-method signature="deletRepoPOJO()[pri:0, instance:basic.testcases.CreateRepoTest@53fb3dab]" started-at="2024-11-16T12:38:10 IST" name="deletRepoPOJO" finished-at="2024-11-16T12:38:11 IST" duration-ms="792" status="PASS">
          <reporter-output>
          </reporter-output>
        </test-method> <!-- deletRepoPOJO -->
      </class> <!-- basic.testcases.CreateRepoTest -->
    </test> <!-- Default test -->
  </suite> <!-- Default suite -->
</testng-results>
