<?xml version="1.0" encoding="UTF-8"?>
<!-- Generated by org.testng.reporters.JUnitReportReporter -->
<testsuite hostname="LAPTOP-2EUUN60H" failures="0" tests="4" name="basic.testcases.CreateRepoTest" time="9.648" errors="0" timestamp="2024-11-16T12:38:11 IST" skipped="0">
  <testcase classname="basic.testcases.CreateRepoTest" name="createRepositoryTestCase" time="1.395"/>
  <testcase classname="basic.testcases.CreateRepoTest" name="createRepoTestCase" time="6.103"/>
  <testcase classname="basic.testcases.CreateRepoTest" name="deletRepoPOJO" time="0.792"/>
  <testcase classname="basic.testcases.CreateRepoTest" name="deletRepo" time="1.358"/>
</testsuite> <!-- basic.testcases.CreateRepoTest -->
